<!DOCTYPE html PUBLIC "-//W3C//DTD XHTML 1.1//EN" "http://www.w3.org/TR/xhtml11/DTD/xhtml11.dtd">
<html xmlns="http://www.w3.org/1999/xhtml"><head><title>TestNG Report</title><style type="text/css">table {margin-bottom:10px;border-collapse:collapse;empty-cells:show}th,td {border:1px solid #009;padding:.25em .5em}th {vertical-align:bottom}td {vertical-align:top}table a {font-weight:bold}.stripe td {background-color: #E6EBF9}.num {text-align:right}.passedodd td {background-color: #3F3}.passedeven td {background-color: #0A0}.skippedodd td {background-color: #DDD}.skippedeven td {background-color: #CCC}.failedodd td,.attn {background-color: #F33}.failedeven td,.stripe .attn {background-color: #D00}.stacktrace {white-space:pre;font-family:monospace}.totop {font-size:85%;text-align:center;border-bottom:2px solid #000}</style></head><body><table><tr><th>Test</th><th># Passed</th><th># Skipped</th><th># Failed</th><th>Time (ms)</th><th>Included Groups</th><th>Excluded Groups</th></tr><tr><th colspan="7">FB</th></tr><tr><td><a href="#t0">Test FB</a></td><td class="num">0</td><td class="num attn">1</td><td class="num">0</td><td class="num">37</td><td></td><td></td></tr></table><table id='summary'><thead><tr><th>Class</th><th>Method</th><th>Start</th><th>Time (ms)</th></tr></thead><tbody><tr><th colspan="4">FB</th></tr></tbody><tbody id="t0"><tr><th colspan="4">Test FB &#8212; failed (configuration methods)</th></tr><tr class="failedeven"><td rowspan="1">home.TestFacebook</td><td><a href="#m0">setUp</a></td><td rowspan="1">1515255830231</td><td rowspan="1">0</td></tr><tr><th colspan="4">Test FB &#8212; skipped</th></tr><tr class="skippedeven"><td rowspan="1">home.TestFacebook</td><td><a href="#m1">testLogin</a></td><td rowspan="1">1515255830249</td><td rowspan="1">0</td></tr></tbody></table><h2>Test FB</h2><h3 id="m0">home.TestFacebook#setUp</h3><table class="result"><tr><th>Exception</th></tr><tr><td><div class="stacktrace">org.testng.TestNGException: 
Parameter &apos;url&apos; is required by BeforeMethod on method setUp but has not been marked @Optional or defined
in C:\Users\Mohammad Kabir\IdeaProjects\web-automation-framework\FaceBook\target\test-classes\fbTestRunner.xml
... Removed 28 stack frames</div></td></tr></table><p class="totop"><a href="#summary">back to summary</a></p><h3 id="m1">home.TestFacebook#testLogin</h3><table class="result"><tr><th>Exception</th></tr><tr><td><div class="stacktrace">org.testng.TestNGException: 
Parameter &apos;url&apos; is required by BeforeMethod on method setUp but has not been marked @Optional or defined
in C:\Users\Mohammad Kabir\IdeaProjects\web-automation-framework\FaceBook\target\test-classes\fbTestRunner.xml
... Removed 28 stack frames</div></td></tr></table><p class="totop"><a href="#summary">back to summary</a></p></body></html>