<?xml version="1.0" encoding="UTF-8"?>
<!-- Generated by org.testng.reporters.JUnitXMLReporter -->
<testsuite ignored="0" hostname="LAPTOP-9AFL4G62" failures="0" tests="1" name="Test FB" time="0.037" errors="0" timestamp="06 Jan 2018 16:23:50 GMT">
  <testcase classname="base.CommonAPI" name="@BeforeMethod setUp" time="0.0">
    <failure type="org.testng.TestNGException" message="
Parameter &amp;apos;url&amp;apos; is required by BeforeMethod on method setUp but has not been marked @Optional or defined
in C:\Users\Mohammad Kabir\IdeaProjects\web-automation-framework\FaceBook\target\test-classes\fbTestRunner.xml">
      <![CDATA[org.testng.TestNGException: 
Parameter 'url' is required by BeforeMethod on method setUp but has not been marked @Optional or defined
in C:\Users\Mohammad Kabir\IdeaProjects\web-automation-framework\FaceBook\target\test-classes\fbTestRunner.xml
... Removed 28 stack frames]]>
    </failure>
  </testcase> <!-- @BeforeMethod setUp -->
  <testcase classname="home.TestFacebook" name="testLogin" time="0.0">
    <skipped/>
  </testcase> <!-- testLogin -->
</testsuite> <!-- Test FB -->
